{"C:\\Users\\Meriam Amri\\Desktop\\my-react-project\\qr-code-component\\src\\App.tsx": {"path":"C:\\Users\\Meriam Amri\\Desktop\\my-react-project\\qr-code-component\\src\\App.tsx","statementMap":{"0":{"start":{"line":3,"column":22},"end":{"line":9,"column":1}},"1":{"start":{"line":4,"column":2},"end":{"line":8,"column":4}}},"fnMap":{"0":{"name":"(anonymous_0)","decl":{"start":{"line":3,"column":22},"end":{"line":3,"column":23}},"loc":{"start":{"line":3,"column":28},"end":{"line":9,"column":1}},"line":3}},"branchMap":{},"s":{"0":1,"1":1},"f":{"0":1},"b":{},"_coverageSchema":"1a1c01bbd47fc00a2c39e90264f33305004495a9","hash":"c03bd62ab11e522a558f8b3990c46b96038f926f"}
}
